2025-06-30 14:49:15,381 - INFO - Use pytorch device_name: cpu
2025-06-30 14:49:15,381 - INFO - Load pretrained SentenceTransformer: paraphrase-multilingual-MiniLM-L12-v2
2025-06-30 14:49:18,844 - INFO - [RAG Search] Query: cuales son las autoridades del ceut de la utn frsf?
2025-06-30 14:49:18,844 - INFO - [RAG Search] Doc source: ceut, Similarity: -11.2932
2025-06-30 14:49:18,844 - INFO - [RAG Search] Doc source: ceut, Similarity: -11.9608
2025-06-30 14:49:18,845 - INFO - [RAG Search] Doc source: ceut, Similarity: -13.7147
2025-06-30 14:49:24,591 - INFO - [RAG Results] Query: cuales son las autoridades del ceut de la utn frsf?
2025-06-30 14:49:24,591 - INFO - [RAG Results] Sources: ['ceut', 'ceut', 'ceut', 'https://www.frsf.utn.edu.ar/images/SCTyV-Romero_Sergio/Normativas/POL%C3%8DTICA_DE_CIENCIA_Y_TECNOLOG%C3%8DA/Res-CD-391-12.pdf', 'https://www.frsf.utn.edu.ar/uploads/institucional/Informe_de_Gesti%C3%B3n_2014.pdf', 'https://euroelecs2019.frsf.utn.edu.ar/institucional/autoridades']
2025-06-30 14:49:24,592 - INFO - [RAG Results] Confidence: -12.3229
2025-06-30 14:49:24,592 - INFO - [RAG Results] Context part 0:  HUEL
Rectorado JEFE DE DEPARTAMENTO
APOYO AL CONSEJO SUPERIOR
PARA CURSAR
Y RENDIR
NIVEL N潞 ASIGNATURA
Cursadas Aprobadas
31 Inteligencia Artificial 28 17-22
32 Ciencia de Datos 28 17-19
33 Sistemas de Gesti贸n 18-27 23
V 34 Gesti贸n Gerencial 24-30 18
Seguridad en los Sistemas de
35 26-30 20-21
Informaci贸n
Para cursar
36 Proyecto Final (integradora) 25-26-30 12-20-23
Proyecto Final
Es condici贸n para rendir Proyecto Final, aprobar todas las asignaturas previas del
Plan de Estudios
Pr谩ctica Profesional Supervisada
Es condici贸n previa para iniciar y acreditar la Pr谩ctica Profesional Supervisada el
cumplimiento de los requisitos acad茅micos exigidos para la inscripci贸n a Proyecto
Final
5
2025-06-30 14:49:24,592 - INFO - [RAG Results] Context part 1:  HUEL
Rectorado JEFE DE DEPARTAMENTO
APOYO AL CONSEJO SUPERIOR
PARA CURSAR
Y RENDIR
NIVEL N潞 ASIGNATURA
Cursadas Aprobadas
17 Probabilidad y Estad铆stica 1-2 -
18 Econom铆a - 1-2
19 Bases de Datos 13-16 5-6
III 20 Desarrollo de Software 14-16 5-6
21 Comunicaci贸n de Datos - 3-7
22 An谩lisis Num茅rico 9 1-2
Dise帽o de Sistemas de Informaci贸n
23 14-16 4-6-8
(integradora)
24 Legislaci贸n 11 -
25 Ingenier铆a y Calidad de Software 19-20-23 13-14
26 Redes de Datos 15-21 -
IV 27 Investigaci贸n Operativa 17-22 -
28 Simulaci贸n 17 9
29 Tecnolog铆as para la automatizaci贸n 10-22 9
Administraci贸n de Sistemas de
30 18-23 16
Informaci贸n (integradora)
4

TABLE:

----------------------------------------
PABLO A
2025-06-30 14:49:24,592 - INFO - [RAG Results] Context part 2:  HUEL
JEFE DE DEPARTAMENTO
APOYO AL CONSEJO SUPERIOR


TABLE:
NIVEL | N潞 | ASIGNATURA | PARA CURSAR
Y RENDIR | None
----------------------------------------
None | None | None | Cursadas | Aprobadas
V | 31 | Inteligencia Artificial | 28 | 17-22
None | 32 | Ciencia de Datos | 28 | 17-19
None | 33 | Sistemas de Gesti贸n | 18-27 | 23
None | 34 | Gesti贸n Gerencial | 24-30 | 18
None | 35 | Seguridad en los Sistemas de
Informaci贸n | 26-30 | 20-21
None |  | None | Para cursar | None
None | 36 | Proyecto Final (integradora) | 25-26-30 | 12-20-23
Proyecto Final | None | None | None | None
Es condici贸n para rendir Proyecto Final, aprobar todas las asignaturas previas del
Plan de Estudios | None | None | None | None
Pr谩ctica Profesional Supervisada | None | None | None | None
Es condici贸n previa para iniciar y acreditar la Pr谩ctica Profesional Supervisada el
cumplimiento de los requisitos acad茅micos exigidos para la inscripci贸n a Proyecto
Final | None | None | None | None


Malvinas son argentin
2025-06-30 14:49:24,592 - INFO - [RAG Results] Context part 3:  (RES CD N潞 391-12) - UTN Santa Fe: www.frsf.utn.edu.ar. Page 3. UTN SANTA FE. Autoridades Universidad Tecnol贸gica Nacional Facultad Regional Santa Fe. Decano: Ing. Rudy Grether. Vicedecano: Ing (https://www.frsf.utn.edu.ar/images/SCTyV-Romero_Sergio/Normativas/POL%C3%8DTICA_DE_CIENCIA_Y_TECNOLOG%C3%8DA/Res-CD-391-12.pdf)
2025-06-30 14:49:24,592 - INFO - [RAG Results] Context part 4:  INFORME DE GESTIN UTN Santa Fe A帽o 2014: Autoridades Decano Eduardo J. Donnet Vicedecano Rudy Omar Grether Secretario Acad茅mico Alfonso Gim茅nez Uribe Secretario Administrativo Miguel ngel Bantar Secretaria de Ciencia y Tecnolog铆a Ana Rosa Tymoschuk Secretario De Extensi贸n Universitaria Dar铆o Lattanzi Secretario de Planeamiento y Gesti贸n Ra煤l Regalini Secretario de Relaciones Institucionales Diego Pereyra Subsecretario de Vinculaci贸n Institucional Diego Mart铆n Alarc贸n Subsecretario de Graduados Walter Klug Subsecretaria de Vinculaci贸n [...] UNIVERSIDAD TECNOLGICA NACIONAL - FACULTAD REGIONAL SANTA FE LAVAISE 610 - S3004EWB SANTA FE - ARGENTINA TE +54 (342) 460 1579 / www.frsf.utn.edu.ar INFORME DE GESTIN UTN Santa Fe A帽o 2014 Informe de Gesti贸n UTN Santa Fe A帽o 2014 ndice 1. Autoridades ......................................................................................................... 3 2. Dimensi贸n Acad茅mica .................................................................
2025-06-30 14:49:24,593 - INFO - [RAG Results] Context part 5:  Autoridades - UTN Facultad Regional Santa Fe: Listado de autoridades de la UTN Facultad Regional Santa Fe.Decano Eduardo Donnet, Secretarias y Secretetarios. (https://euroelecs2019.frsf.utn.edu.ar/institucional/autoridades)
